<?xml version="1.0" encoding="UTF-8"?>
<!-- Generated by org.testng.reporters.JUnitReportReporter -->
<testsuite skipped="0" hostname="DESKTOP-FU6LPD6" name="com.crm.qa.testcases.LoginPageTest" tests="1" failures="0" timestamp="01 Sep 2019 09:02:33 GMT" time="97.435" errors="0">
  <testcase name="loginPageTitleTest" time="97.435" classname="com.crm.qa.testcases.LoginPageTest"/>
</testsuite> <!-- com.crm.qa.testcases.LoginPageTest -->
