<?xml version="1.0" encoding="UTF-8"?>
<!-- Generated by org.testng.reporters.JUnitReportReporter -->
<testsuite skipped="0" hostname="DESKTOP-FU6LPD6" name="com.crm.qa.testcases.HomePageTest" tests="3" failures="0" timestamp="31 Aug 2019 16:31:36 GMT" time="107.003" errors="0">
  <testcase name="verifyHomepageTitleTest" time="44.297" classname="com.crm.qa.testcases.HomePageTest"/>
  <testcase name="verifyuserNameLabelTest" time="30.748" classname="com.crm.qa.testcases.HomePageTest"/>
  <testcase name="clickOnContactsLink" time="31.958" classname="com.crm.qa.testcases.HomePageTest"/>
</testsuite> <!-- com.crm.qa.testcases.HomePageTest -->
