<?xml version="1.0" encoding="UTF-8"?>
<!-- Generated by org.testng.reporters.JUnitReportReporter -->
<testsuite skipped="0" hostname="DESKTOP-FU6LPD6" name="com.crm.qa.testcases.ContactsPageTest" tests="6" failures="0" timestamp="31 Aug 2019 16:31:36 GMT" time="252.071" errors="0">
  <testcase name="verifyContactsPageLabel" time="35.624" classname="com.crm.qa.testcases.ContactsPageTest"/>
  <testcase name="selectSingleContactTest" time="34.846" classname="com.crm.qa.testcases.ContactsPageTest"/>
  <testcase name="selectMultipleContactTest" time="47.419" classname="com.crm.qa.testcases.ContactsPageTest"/>
  <testcase name="createNewContactlinkTest" time="43.686" classname="com.crm.qa.testcases.ContactsPageTest"/>
  <testcase name="createNewContactlinkTest" time="39.493" classname="com.crm.qa.testcases.ContactsPageTest"/>
  <testcase name="createNewContactlinkTest" time="51.003" classname="com.crm.qa.testcases.ContactsPageTest"/>
</testsuite> <!-- com.crm.qa.testcases.ContactsPageTest -->
