<?xml version="1.0" encoding="UTF-8"?>
<!-- Generated by org.testng.reporters.JUnitReportReporter -->
<testsuite skipped="0" hostname="DESKTOP-FU6LPD6" name="com.crm.qa.testcases.ContactsPageTest" tests="6" failures="0" timestamp="31 Aug 2019 16:31:36 GMT" time="255.355" errors="0">
  <testcase name="verifyContactsPageLabel" time="40.186" classname="com.crm.qa.testcases.ContactsPageTest"/>
  <testcase name="selectSingleContactTest" time="35.515" classname="com.crm.qa.testcases.ContactsPageTest"/>
  <testcase name="selectMultipleContactTest" time="34.695" classname="com.crm.qa.testcases.ContactsPageTest"/>
  <testcase name="createNewContactlinkTest" time="47.430" classname="com.crm.qa.testcases.ContactsPageTest"/>
  <testcase name="createNewContactlinkTest" time="42.607" classname="com.crm.qa.testcases.ContactsPageTest"/>
  <testcase name="createNewContactlinkTest" time="54.922" classname="com.crm.qa.testcases.ContactsPageTest"/>
</testsuite> <!-- com.crm.qa.testcases.ContactsPageTest -->
