<?xml version="1.0" encoding="UTF-8"?>
<!-- Generated by org.testng.reporters.JUnitReportReporter -->
<testsuite skipped="0" hostname="DESKTOP-FU6LPD6" name="com.crm.qa.testcases.LoginPageTest" tests="3" failures="0" timestamp="31 Aug 2019 16:31:36 GMT" time="123.205" errors="0">
  <testcase name="loginPageTitleTest" time="23.129" classname="com.crm.qa.testcases.LoginPageTest"/>
  <testcase name="crmlogoImageTest" time="65.487" classname="com.crm.qa.testcases.LoginPageTest"/>
  <testcase name="LoginTest" time="34.589" classname="com.crm.qa.testcases.LoginPageTest"/>
</testsuite> <!-- com.crm.qa.testcases.LoginPageTest -->
